  Source.cpp
E:\Unreleased Cheats\Internal-DX11-Base-master\Internal DX11 Base\MainPoint\JQ-BNM-main\BNM-IL2CPP\Structures\IL2CPP.hpp(268,67): warning C4834: discarding return value of function with [[nodiscard]] attribute
  (compiling source file 'Source.cpp')
  
E:\Unreleased Cheats\Internal-DX11-Base-master\Internal DX11 Base\MainPoint\JQ-BNM-main\BNM-IL2CPP\Structures\IL2CPP.hpp(271,61): warning C4267: 'argument': conversion from 'size_t' to 'int', possible loss of data
  (compiling source file 'Source.cpp')
  
E:\Unreleased Cheats\Internal-DX11-Base-master\Internal DX11 Base\MainPoint\JQ-BNM-main\BNM-IL2CPP\Structures\IL2CPP.hpp(330,96): warning C4267: 'argument': conversion from 'size_t' to 'unsigned int', possible loss of data
  (compiling source file 'Source.cpp')
  
E:\Unreleased Cheats\Internal-DX11-Base-master\Internal DX11 Base\MainPoint\JQ-BNM-main\BNM-IL2CPP\Structures\IL2CPP.hpp(423,74): warning C4834: discarding return value of function with [[nodiscard]] attribute
  (compiling source file 'Source.cpp')
  
E:\Unreleased Cheats\Internal-DX11-Base-master\Internal DX11 Base\MainPoint\JQ-BNM-main\BNM-IL2CPP\Structures\IL2CPP.hpp(561,30): warning C4267: 'initializing': conversion from 'size_t' to 'int', possible loss of data
  (compiling source file 'Source.cpp')
  
E:\Unreleased Cheats\Internal-DX11-Base-master\Internal DX11 Base\MainPoint\JQ-BNM-main\BNM-IL2CPP\Structures\IL2CPP.hpp(650,254): warning C4267: 'argument': conversion from 'size_t' to 'int', possible loss of data
  (compiling source file 'Source.cpp')
  
E:\Unreleased Cheats\Internal-DX11-Base-master\Internal DX11 Base\MainPoint\JQ-BNM-main\BNM-IL2CPP\Structures\IL2CPP.hpp(715,74): warning C4834: discarding return value of function with [[nodiscard]] attribute
  (compiling source file 'Source.cpp')
  
E:\Unreleased Cheats\Internal-DX11-Base-master\Internal DX11 Base\MainPoint\JQ-BNM-main\BNM-IL2CPP\Structures\IL2CPP.hpp(806,24): warning C4267: 'initializing': conversion from 'size_t' to 'int', possible loss of data
  (compiling source file 'Source.cpp')
  
E:\Unreleased Cheats\Internal-DX11-Base-master\Internal DX11 Base\MainPoint\JQ-BNM-main\BNM-IL2CPP\Structures\IL2CPP.hpp(888,92): warning C4834: discarding return value of function with [[nodiscard]] attribute
  (compiling source file 'Source.cpp')
  
E:\Unreleased Cheats\Internal-DX11-Base-master\Internal DX11 Base\MainPoint\JQ-BNM-main\BNM-IL2CPP\Structures\IL2CPP.hpp(929,57): warning C4267: 'argument': conversion from 'size_t' to 'int', possible loss of data
  (compiling source file 'Source.cpp')
  
E:\Unreleased Cheats\Internal-DX11-Base-master\Internal DX11 Base\MainPoint\JQ-BNM-main\BNM-IL2CPP\Structures\IL2CPP.hpp(940,85): warning C4834: discarding return value of function with [[nodiscard]] attribute
  (compiling source file 'Source.cpp')
  
E:\Unreleased Cheats\Internal-DX11-Base-master\Internal DX11 Base\MainPoint\JQ-BNM-main\BNM-IL2CPP\Structures\IL2CPP.hpp(943,131): warning C4267: 'argument': conversion from 'size_t' to 'int', possible loss of data
  (compiling source file 'Source.cpp')
  
E:\Unreleased Cheats\Internal-DX11-Base-master\Internal DX11 Base\MainPoint\JQ-BNM-main\BNM-IL2CPP\BNM.hpp(89,35): warning C4834: discarding return value of function with [[nodiscard]] attribute
  (compiling source file 'Source.cpp')
  
E:\Unreleased Cheats\Internal-DX11-Base-master\Internal DX11 Base\Source.cpp(54,38): warning C4244: '=': conversion from 'ULONGLONG' to 'int', possible loss of data
E:\Unreleased Cheats\Internal-DX11-Base-master\Internal DX11 Base\MainPoint\JQ-BNM-main\BNM-IL2CPP\Structures\IL2CPP.hpp(960,97): warning C4834: discarding return value of function with [[nodiscard]] attribute
  (compiling source file 'Source.cpp')
      E:\Unreleased Cheats\Internal-DX11-Base-master\Internal DX11 Base\MainPoint\JQ-BNM-main\BNM-IL2CPP\Structures\IL2CPP.hpp(960,97):
      the template instantiation context (the oldest one first) is
          E:\Unreleased Cheats\Internal-DX11-Base-master\Internal DX11 Base\MainPoint\JQ-BNM-main\BNM-IL2CPP\Structures\IL2CPP.hpp(259,119):
          see reference to function template instantiation 'T *IL2CPP::Method::Invoke<IL2CPP::Object*,>(void)' being compiled
          with
          [
              T=IL2CPP::Object *
          ]
  
E:\Unreleased Cheats\Internal-DX11-Base-master\Internal DX11 Base\MainPoint\JQ-BNM-main\BNM-IL2CPP\Structures\IL2CPP.hpp(969,101): warning C4834: discarding return value of function with [[nodiscard]] attribute
  (compiling source file 'Source.cpp')
  
  Generating code
  0 of 2339 functions ( 0.0%) were compiled, the rest were copied from previous compilation.
    0 functions were new in current compilation
    0 functions had inline decision re-evaluated but remain unchanged
  Finished generating code
  Internal DX11 Base.vcxproj -> E:\Unreleased Cheats\Internal-DX11-Base-master\x64\Release\Internal DX11 Base.dll
  'pwsh.exe' is not recognized as an internal or external command,
  operable program or batch file.
